#
# There is insufficient memory for the Java Runtime Environment to continue.
# Native memory allocation (malloc) failed to allocate 675328 bytes. Error detail: Chunk::new
# Possible reasons:
#   The system is out of physical RAM or swap space
#   This process is running with CompressedOops enabled, and the Java Heap may be blocking the growth of the native heap
# Possible solutions:
#   Reduce memory load on the system
#   Increase physical memory or swap space
#   Check if swap backing store is full
#   Decrease Java heap size (-Xmx/-Xms)
#   Decrease number of Java threads
#   Decrease Java thread stack sizes (-Xss)
#   Set larger code cache with -XX:ReservedCodeCacheSize=
#   JVM is running with Unscaled Compressed Oops mode in which the Java heap is
#     placed in the first 4GB address space. The Java Heap base address is the
#     maximum limit for the native heap growth. Please use -XX:HeapBaseMinAddress
#     to set the Java Heap base and to place the Java Heap above 4GB virtual address.
# This output file may be truncated or incomplete.
#
#  Out of Memory Error (arena.cpp:168), pid=15212, tid=12284
#
# JRE version: OpenJDK Runtime Environment Temurin-21.0.10+7 (21.0.10+7) (build 21.0.10+7-LTS)
# Java VM: OpenJDK 64-Bit Server VM Temurin-21.0.10+7 (21.0.10+7-LTS, mixed mode, sharing, tiered, compressed oops, compressed class ptrs, parallel gc, windows-amd64)
# No core dump will be written. Minidumps are not enabled by default on client versions of Windows
#

---------------  S U M M A R Y ------------

Command Line: --add-modules=ALL-SYSTEM --add-opens=java.base/java.util=ALL-UNNAMED --add-opens=java.base/java.lang=ALL-UNNAMED --add-opens=java.base/sun.nio.fs=ALL-UNNAMED -Declipse.application=org.eclipse.jdt.ls.core.id1 -Dosgi.bundles.defaultStartLevel=4 -Declipse.product=org.eclipse.jdt.ls.core.product -Djava.import.generatesMetadataFilesAtProjectRoot=false -DDetectVMInstallationsJob.disabled=true -Dfile.encoding=utf8 -XX:+UseParallelGC -XX:GCTimeRatio=4 -XX:AdaptiveSizePolicyWeight=90 -Dsun.zip.disableMemoryMapping=true -Xmx2G -Xms100m -Xlog:disable -javaagent:c:\Users\Admin\.vscode\extensions\redhat.java-1.53.0-win32-x64\lombok\lombok-1.18.39-4050.jar -XX:+HeapDumpOnOutOfMemoryError -XX:HeapDumpPath=c:\Users\Admin\AppData\Roaming\Code\User\workspaceStorage\d2d999c68d80241e3b0ecaf4ef2c1df0\redhat.java -Daether.dependencyCollector.impl=bf c:\Users\Admin\.vscode\extensions\redhat.java-1.53.0-win32-x64\server\plugins\org.eclipse.equinox.launcher_1.7.100.v20251111-0406.jar -configuration c:\Users\Admin\AppData\Roaming\Code\User\globalStorage\redhat.java\1.53.0\config_win -data c:\Users\Admin\AppData\Roaming\Code\User\workspaceStorage\d2d999c68d80241e3b0ecaf4ef2c1df0\redhat.java\jdt_ws --pipe=\\.\pipe\lsp-bf66f3b13972a485f7e4222f0c4e61fc-sock

Host: Intel(R) Core(TM) i7-6700HQ CPU @ 2.60GHz, 8 cores, 15G,  Windows 10 , 64 bit Build 19041 (10.0.19041.5915)
Time: Thu Apr  2 06:04:35 2026 SE Asia Standard Time elapsed time: 35.345613 seconds (0d 0h 0m 35s)

---------------  T H R E A D  ---------------

Current thread (0x00000261f4b89f60):  JavaThread "C2 CompilerThread0" daemon [_thread_in_native, id=12284, stack(0x000000f4d4000000,0x000000f4d4100000) (1024K)]


Current CompileTask:
C2:35345 8086   !   4       java.io.ObjectInputStream::readObject0 (681 bytes)

Stack: [0x000000f4d4000000,0x000000f4d4100000]
Native frames: (J=compiled Java code, j=interpreted, Vv=VM code, C=native code)
V  [jvm.dll+0x6d7a39]
V  [jvm.dll+0x8b4b26]
V  [jvm.dll+0x8b70de]
V  [jvm.dll+0x8b77c3]
V  [jvm.dll+0x284346]
V  [jvm.dll+0xc66ed]
V  [jvm.dll+0xc6c31]
V  [jvm.dll+0x3bec3b]
V  [jvm.dll+0x1e3f69]
V  [jvm.dll+0x24c6b3]
V  [jvm.dll+0x24bb40]
V  [jvm.dll+0x1cb34e]
V  [jvm.dll+0x25b85d]
V  [jvm.dll+0x259dea]
V  [jvm.dll+0x3f857e]
V  [jvm.dll+0x85f59d]
V  [jvm.dll+0x6d626d]
C  [ucrtbase.dll+0x21bb2]
C  [KERNEL32.DLL+0x17374]
C  [ntdll.dll+0x4cc91]


---------------  P R O C E S S  ---------------

Threads class SMR info:
_java_thread_list=0x00000261fed62870, length=51, elements={
0x00000261de10f130, 0x00000261f4b7eae0, 0x00000261f4b80130, 0x00000261f4b83a10,
0x00000261f4b84710, 0x00000261f4b85cc0, 0x00000261f4b88730, 0x00000261f4b89f60,
0x00000261f648b610, 0x00000261f66480e0, 0x00000261fb030050, 0x00000261fb416590,
0x00000261fb895270, 0x00000261fb56eed0, 0x00000261fb56f910, 0x00000261fbacf3f0,
0x00000261f677a6f0, 0x00000261fb3a7110, 0x00000261fc0b07b0, 0x00000261fc0b0e40,
0x00000261fc0af400, 0x00000261fc0b14d0, 0x00000261fc0afa90, 0x00000261fba9f9c0,
0x00000261fbaa41f0, 0x00000261fbaa1400, 0x00000261fbaa4880, 0x00000261fbaa0050,
0x00000261fbaa1a90, 0x00000261fba9eca0, 0x00000261fbaa34d0, 0x00000261fbaa2120,
0x00000261fbaa55a0, 0x00000261fbaa5c30, 0x00000261fbaa3b60, 0x00000261fbaa06e0,
0x00000261fbaa4f10, 0x00000261fbaa62c0, 0x00000261fba9f330, 0x00000261fbaa0d70,
0x00000261fbaa27b0, 0x00000261fc6e33b0, 0x00000261fc6e2000, 0x00000261fc6e61a0,
0x00000261fc6e7550, 0x00000261fc6e6ec0, 0x00000261fc6e3a40, 0x00000261fc6e7be0,
0x00000261fc6e2690, 0x00000261c1493ec0, 0x00000261fc6e5b10
}
_to_delete_list=0x00000261ff135d60, length=50, elements={
0x00000261de10f130, 0x00000261f4b7eae0, 0x00000261f4b80130, 0x00000261f4b83a10,
0x00000261f4b84710, 0x00000261f4b85cc0, 0x00000261f4b88730, 0x00000261f4b89f60,
0x00000261f648b610, 0x00000261f66480e0, 0x00000261fb030050, 0x00000261fb416590,
0x00000261fb895270, 0x00000261fb56eed0, 0x00000261fb56f910, 0x00000261fbacf3f0,
0x00000261f677a6f0, 0x00000261fb3a7110, 0x00000261fc0b07b0, 0x00000261fc0b0e40,
0x00000261fc0af400, 0x00000261fc0b14d0, 0x00000261fc0afa90, 0x00000261fba9f9c0,
0x00000261fbaa41f0, 0x00000261fbaa1400, 0x00000261fbaa4880, 0x00000261fbaa0050,
0x00000261fbaa1a90, 0x00000261fba9eca0, 0x00000261fbaa34d0, 0x00000261fbaa2120,
0x00000261fbaa55a0, 0x00000261fbaa5c30, 0x00000261fbaa3b60, 0x00000261fbaa06e0,
0x00000261fbaa4f10, 0x00000261fbaa62c0, 0x00000261fba9f330, 0x00000261fbaa0d70,
0x00000261fbaa27b0, 0x00000261fc6e33b0, 0x00000261fc6e2000, 0x00000261fc6e61a0,
0x00000261fc6e7550, 0x00000261fc6e6ec0, 0x00000261fc6e3a40, 0x00000261fc6e7be0,
0x00000261fc6e2690, 0x00000261c1493ec0
}

Java Threads: ( => current thread )
  0x00000261de10f130 JavaThread "main"                              [_thread_blocked, id=17164, stack(0x000000f4d3600000,0x000000f4d3700000) (1024K)]
  0x00000261f4b7eae0 JavaThread "Reference Handler"          daemon [_thread_blocked, id=13040, stack(0x000000f4d3a00000,0x000000f4d3b00000) (1024K)]
  0x00000261f4b80130 JavaThread "Finalizer"                  daemon [_thread_blocked, id=4628, stack(0x000000f4d3b00000,0x000000f4d3c00000) (1024K)]
  0x00000261f4b83a10 JavaThread "Signal Dispatcher"          daemon [_thread_blocked, id=14888, stack(0x000000f4d3c00000,0x000000f4d3d00000) (1024K)]
  0x00000261f4b84710 JavaThread "Attach Listener"            daemon [_thread_blocked, id=15912, stack(0x000000f4d3d00000,0x000000f4d3e00000) (1024K)]
  0x00000261f4b85cc0 JavaThread "Service Thread"             daemon [_thread_blocked, id=16248, stack(0x000000f4d3e00000,0x000000f4d3f00000) (1024K)]
  0x00000261f4b88730 JavaThread "Monitor Deflation Thread"   daemon [_thread_blocked, id=14588, stack(0x000000f4d3f00000,0x000000f4d4000000) (1024K)]
=>0x00000261f4b89f60 JavaThread "C2 CompilerThread0"         daemon [_thread_in_native, id=12284, stack(0x000000f4d4000000,0x000000f4d4100000) (1024K)]
  0x00000261f648b610 JavaThread "C1 CompilerThread0"         daemon [_thread_blocked, id=2672, stack(0x000000f4d4100000,0x000000f4d4200000) (1024K)]
  0x00000261f66480e0 JavaThread "Common-Cleaner"             daemon [_thread_blocked, id=12384, stack(0x000000f4d4200000,0x000000f4d4300000) (1024K)]
  0x00000261fb030050 JavaThread "Notification Thread"        daemon [_thread_blocked, id=16268, stack(0x000000f4d4400000,0x000000f4d4500000) (1024K)]
  0x00000261fb416590 JavaThread "Active Thread: Equinox Container: 849383fe-966a-423e-ad9d-33a6b2932dc6"        [_thread_blocked, id=14392, stack(0x000000f4d4c00000,0x000000f4d4d00000) (1024K)]
  0x00000261fb895270 JavaThread "Refresh Thread: Equinox Container: 849383fe-966a-423e-ad9d-33a6b2932dc6" daemon [_thread_blocked, id=10660, stack(0x000000f4d4b00000,0x000000f4d4c00000) (1024K)]
  0x00000261fb56eed0 JavaThread "Framework Event Dispatcher: Equinox Container: 849383fe-966a-423e-ad9d-33a6b2932dc6" daemon [_thread_blocked, id=14040, stack(0x000000f4d4d00000,0x000000f4d4e00000) (1024K)]
  0x00000261fb56f910 JavaThread "Start Level: Equinox Container: 849383fe-966a-423e-ad9d-33a6b2932dc6" daemon [_thread_blocked, id=17368, stack(0x000000f4d4e00000,0x000000f4d4f00000) (1024K)]
  0x00000261fbacf3f0 JavaThread "Bundle File Closer"         daemon [_thread_blocked, id=8220, stack(0x000000f4d5100000,0x000000f4d5200000) (1024K)]
  0x00000261f677a6f0 JavaThread "SCR Component Actor"        daemon [_thread_blocked, id=15188, stack(0x000000f4d4f00000,0x000000f4d5000000) (1024K)]
  0x00000261fb3a7110 JavaThread "Worker-JM"                         [_thread_blocked, id=16876, stack(0x000000f4d5300000,0x000000f4d5400000) (1024K)]
  0x00000261fc0b07b0 JavaThread "JNA Cleaner"                daemon [_thread_blocked, id=15888, stack(0x000000f4d5000000,0x000000f4d5100000) (1024K)]
  0x00000261fc0b0e40 JavaThread "Worker-0"                          [_thread_blocked, id=14308, stack(0x000000f4d5200000,0x000000f4d5300000) (1024K)]
  0x00000261fc0af400 JavaThread "Worker-1"                          [_thread_blocked, id=16468, stack(0x000000f4d5400000,0x000000f4d5500000) (1024K)]
  0x00000261fc0b14d0 JavaThread "Worker-2"                          [_thread_blocked, id=11912, stack(0x000000f4d5600000,0x000000f4d5700000) (1024K)]
  0x00000261fc0afa90 JavaThread "Java indexing"              daemon [_thread_blocked, id=3916, stack(0x000000f4d5700000,0x000000f4d5800000) (1024K)]
  0x00000261fba9f9c0 JavaThread "Worker-3"                          [_thread_blocked, id=7148, stack(0x000000f4d5a00000,0x000000f4d5b00000) (1024K)]
  0x00000261fbaa41f0 JavaThread "Worker-4"                          [_thread_blocked, id=8516, stack(0x000000f4d5b00000,0x000000f4d5c00000) (1024K)]
  0x00000261fbaa1400 JavaThread "Worker-5: Initialize Workspace"        [_thread_blocked, id=2676, stack(0x000000f4d5c00000,0x000000f4d5d00000) (1024K)]
  0x00000261fbaa4880 JavaThread "Worker-6"                          [_thread_blocked, id=14868, stack(0x000000f4d5d00000,0x000000f4d5e00000) (1024K)]
  0x00000261fbaa0050 JavaThread "Worker-7: Synchronize Gradle projects with workspace"        [_thread_blocked, id=440, stack(0x000000f4d5e00000,0x000000f4d5f00000) (1024K)]
  0x00000261fbaa1a90 JavaThread "Worker-8"                          [_thread_blocked, id=9064, stack(0x000000f4d5f00000,0x000000f4d6000000) (1024K)]
  0x00000261fba9eca0 JavaThread "Timer-0"                           [_thread_blocked, id=11752, stack(0x000000f4d6000000,0x000000f4d6100000) (1024K)]
  0x00000261fbaa34d0 JavaThread "Thread-2"                   daemon [_thread_in_native, id=7864, stack(0x000000f4d6100000,0x000000f4d6200000) (1024K)]
  0x00000261fbaa2120 JavaThread "Thread-3"                   daemon [_thread_in_native, id=16200, stack(0x000000f4d6200000,0x000000f4d6300000) (1024K)]
  0x00000261fbaa55a0 JavaThread "Thread-4"                   daemon [_thread_in_native, id=14168, stack(0x000000f4d6300000,0x000000f4d6400000) (1024K)]
  0x00000261fbaa5c30 JavaThread "Thread-5"                   daemon [_thread_in_native, id=14048, stack(0x000000f4d6400000,0x000000f4d6500000) (1024K)]
  0x00000261fbaa3b60 JavaThread "Thread-6"                   daemon [_thread_in_native, id=15332, stack(0x000000f4d6500000,0x000000f4d6600000) (1024K)]
  0x00000261fbaa06e0 JavaThread "Thread-7"                   daemon [_thread_in_native, id=9440, stack(0x000000f4d6600000,0x000000f4d6700000) (1024K)]
  0x00000261fbaa4f10 JavaThread "Thread-8"                   daemon [_thread_in_native, id=14760, stack(0x000000f4d6700000,0x000000f4d6800000) (1024K)]
  0x00000261fbaa62c0 JavaThread "Thread-9"                   daemon [_thread_in_native, id=16704, stack(0x000000f4d6800000,0x000000f4d6900000) (1024K)]
  0x00000261fba9f330 JavaThread "Thread-10"                  daemon [_thread_in_native, id=10044, stack(0x000000f4d6900000,0x000000f4d6a00000) (1024K)]
  0x00000261fbaa0d70 JavaThread "pool-2-thread-1"                   [_thread_blocked, id=12672, stack(0x000000f4d6a00000,0x000000f4d6b00000) (1024K)]
  0x00000261fbaa27b0 JavaThread "Timer-1"                           [_thread_blocked, id=2140, stack(0x000000f4d6b00000,0x000000f4d6c00000) (1024K)]
  0x00000261fc6e33b0 JavaThread "WorkspaceEventsHandler"            [_thread_blocked, id=2136, stack(0x000000f4d6d00000,0x000000f4d6e00000) (1024K)]
  0x00000261fc6e2000 JavaThread "pool-1-thread-1"                   [_thread_blocked, id=16836, stack(0x000000f4d6e00000,0x000000f4d6f00000) (1024K)]
  0x00000261fc6e61a0 JavaThread "Timer-2"                           [_thread_blocked, id=3500, stack(0x000000f4d6f00000,0x000000f4d7000000) (1024K)]
  0x00000261fc6e7550 JavaThread "Timer-3"                           [_thread_blocked, id=17192, stack(0x000000f4d6c00000,0x000000f4d6d00000) (1024K)]
  0x00000261fc6e6ec0 JavaThread "Timer-4"                           [_thread_blocked, id=17040, stack(0x000000f4d7000000,0x000000f4d7100000) (1024K)]
  0x00000261fc6e3a40 JavaThread "Timer-5"                           [_thread_blocked, id=13376, stack(0x000000f4d7100000,0x000000f4d7200000) (1024K)]
  0x00000261fc6e7be0 JavaThread "Timer-6"                           [_thread_blocked, id=1824, stack(0x000000f4d7200000,0x000000f4d7300000) (1024K)]
  0x00000261fc6e2690 JavaThread "Timer-7"                           [_thread_blocked, id=14664, stack(0x000000f4d7300000,0x000000f4d7400000) (1024K)]
  0x00000261c1493ec0 JavaThread "C2 CompilerThread1"         daemon [_thread_in_native, id=4644, stack(0x000000f4d5500000,0x000000f4d5600000) (1024K)]
  0x00000261fc6e5b10 JavaThread "Timer-8"                           [_thread_blocked, id=17364, stack(0x000000f4d7400000,0x000000f4d7500000) (1024K)]
Total: 51

Other Threads:
  0x00000261f4b60e90 VMThread "VM Thread"                           [id=17400, stack(0x000000f4d3900000,0x000000f4d3a00000) (1024K)]
  0x00000261de1d31b0 WatcherThread "VM Periodic Task Thread"        [id=15544, stack(0x000000f4d3800000,0x000000f4d3900000) (1024K)]
  0x00000261de12d2a0 WorkerThread "GC Thread#0"                     [id=16796, stack(0x000000f4d3700000,0x000000f4d3800000) (1024K)]
  0x00000261f673ee10 WorkerThread "GC Thread#1"                     [id=15524, stack(0x000000f4d4500000,0x000000f4d4600000) (1024K)]
  0x00000261f673e6b0 WorkerThread "GC Thread#2"                     [id=16204, stack(0x000000f4d4600000,0x000000f4d4700000) (1024K)]
  0x00000261f673f570 WorkerThread "GC Thread#3"                     [id=14592, stack(0x000000f4d4700000,0x000000f4d4800000) (1024K)]
  0x00000261f673fcd0 WorkerThread "GC Thread#4"                     [id=9880, stack(0x000000f4d4800000,0x000000f4d4900000) (1024K)]
  0x00000261f673f920 WorkerThread "GC Thread#5"                     [id=4912, stack(0x000000f4d4900000,0x000000f4d4a00000) (1024K)]
  0x00000261f673f1c0 WorkerThread "GC Thread#6"                     [id=17196, stack(0x000000f4d4a00000,0x000000f4d4b00000) (1024K)]
  0x00000261fb8802a0 WorkerThread "GC Thread#7"                     [id=2188, stack(0x000000f4d4300000,0x000000f4d4400000) (1024K)]
Total: 10

Threads with active compile tasks:
C2 CompilerThread0  35379 8086   !   4       java.io.ObjectInputStream::readObject0 (681 bytes)
C2 CompilerThread1  35379 8146 %     4       com.google.gson.stream.JsonWriter::string @ 37 (171 bytes)
Total: 2

VM state: not at safepoint (normal execution)

VM Mutex/Monitor currently owned by a thread: None

Heap address: 0x0000000080000000, size: 2048 MB, Compressed Oops mode: 32-bit

CDS archive(s) mapped at: [0x0000026180000000-0x0000026180ba0000-0x0000026180ba0000), size 12189696, SharedBaseAddress: 0x0000026180000000, ArchiveRelocationMode: 1.
Compressed class space mapped at: 0x0000026181000000-0x00000261c1000000, reserved size: 1073741824
Narrow klass base: 0x0000026180000000, Narrow klass shift: 0, Narrow klass range: 0x100000000

GC Precious Log:
 CardTable entry size: 512
 CPUs: 8 total, 8 available
 Memory: 16254M
 Large Page Support: Disabled
 NUMA Support: Disabled
 Compressed Oops: Enabled (32-bit)
 Alignments: Space 512K, Generation 512K, Heap 2M
 Heap Min Capacity: 100M
 Heap Initial Capacity: 100M
 Heap Max Capacity: 2G
 Pre-touch: Disabled
 Parallel Workers: 8

Heap:
 PSYoungGen      total 16896K, used 15426K [0x00000000d5580000, 0x00000000d6900000, 0x0000000100000000)
  eden space 15872K, 90% used [0x00000000d5580000,0x00000000d63958a0,0x00000000d6500000)
  from space 1024K, 98% used [0x00000000d6680000,0x00000000d677b290,0x00000000d6780000)
  to   space 1536K, 0% used [0x00000000d6780000,0x00000000d6780000,0x00000000d6900000)
 ParOldGen       total 68608K, used 43208K [0x0000000080000000, 0x0000000084300000, 0x00000000d5580000)
  object space 68608K, 62% used [0x0000000080000000,0x0000000082a32388,0x0000000084300000)
 Metaspace       used 63284K, committed 64896K, reserved 1114112K
  class space    used 8017K, committed 8704K, reserved 1048576K

Card table byte_map: [0x00000261ddac0000,0x00000261dded0000] _byte_map_base: 0x00000261dd6c0000

Marking Bits: (ParMarkBitMap*) 0x00007ffb99aa3450
 Begin Bits: [0x00000261f05d0000, 0x00000261f25d0000)
 End Bits:   [0x00000261f25d0000, 0x00000261f45d0000)

Polling page: 0x00000261dc100000

Metaspace:

Usage:
  Non-class:     53.97 MB used.
      Class:      7.83 MB used.
       Both:     61.80 MB used.

Virtual space:
  Non-class space:       64.00 MB reserved,      54.88 MB ( 86%) committed,  1 nodes.
      Class space:        1.00 GB reserved,       8.50 MB ( <1%) committed,  1 nodes.
             Both:        1.06 GB reserved,      63.38 MB (  6%) committed. 

Chunk freelists:
   Non-Class:  8.98 MB
       Class:  7.45 MB
        Both:  16.43 MB

MaxMetaspaceSize: unlimited
CompressedClassSpaceSize: 1.00 GB
Initial GC threshold: 21.00 MB
Current GC threshold: 98.12 MB
CDS: on
 - commit_granule_bytes: 65536.
 - commit_granule_words: 8192.
 - virtual_space_node_default_size: 8388608.
 - enlarge_chunks_in_place: 1.
 - use_allocation_guard: 0.


Internal statistics:

num_allocs_failed_limit: 13.
num_arena_births: 1300.
num_arena_deaths: 34.
num_vsnodes_births: 2.
num_vsnodes_deaths: 0.
num_space_committed: 1014.
num_space_uncommitted: 0.
num_chunks_returned_to_freelist: 53.
num_chunks_taken_from_freelist: 4325.
num_chunk_merges: 15.
num_chunk_splits: 2622.
num_chunks_enlarged: 1408.
num_inconsistent_stats: 0.

CodeHeap 'non-profiled nmethods': size=120000Kb used=4432Kb max_used=4432Kb free=115567Kb
 bounds [0x00000261e8df0000, 0x00000261e9250000, 0x00000261f0320000]
CodeHeap 'profiled nmethods': size=120000Kb used=14595Kb max_used=14595Kb free=105404Kb
 bounds [0x00000261e1320000, 0x00000261e2170000, 0x00000261e8850000]
CodeHeap 'non-nmethods': size=5760Kb used=1394Kb max_used=1482Kb free=4365Kb
 bounds [0x00000261e8850000, 0x00000261e8ac0000, 0x00000261e8df0000]
CodeCache: size=245760Kb, used=20421Kb, max_used=20509Kb, free=225336Kb
 total_blobs=8054, nmethods=7360, adapters=600, full_count=0
Compilation: enabled, stopped_count=0, restarted_count=0

Compilation events (20 events):
Event: 35.272 Thread 0x00000261f648b610 8141       3       java.lang.StringCoding::implEncodeAsciiArray (47 bytes)
Event: 35.272 Thread 0x00000261f648b610 nmethod 8141 0x00000261e215b790 code [0x00000261e215b940, 0x00000261e215bb78]
Event: 35.272 Thread 0x00000261f648b610 8140       3       java.util.concurrent.CopyOnWriteArrayList::size (6 bytes)
Event: 35.272 Thread 0x00000261f648b610 nmethod 8140 0x00000261e215bd10 code [0x00000261e215bea0, 0x00000261e215bfc8]
Event: 35.274 Thread 0x00000261f648b610 8144       3       java.lang.invoke.StringConcatFactory::classIndex (84 bytes)
Event: 35.275 Thread 0x00000261f648b610 nmethod 8144 0x00000261e215c090 code [0x00000261e215c340, 0x00000261e215cd28]
Event: 35.275 Thread 0x00000261f648b610 8145       3       java.lang.AbstractStringBuilder::inflate (42 bytes)
Event: 35.275 Thread 0x00000261f648b610 nmethod 8145 0x00000261e215d090 code [0x00000261e215d280, 0x00000261e215d650]
Event: 35.275 Thread 0x00000261f648b610 8143       1       java.text.NumberFormat::isGroupingUsed (5 bytes)
Event: 35.275 Thread 0x00000261f648b610 nmethod 8143 0x00000261e9241810 code [0x00000261e92419a0, 0x00000261e9241a70]
Event: 35.281 Thread 0x00000261f648b610 8147 %     3       java.lang.String::encodeUTF8_UTF16 @ 58 (372 bytes)
Event: 35.282 Thread 0x00000261f648b610 nmethod 8147% 0x00000261e215d790 code [0x00000261e215da00, 0x00000261e215e8d0]
Event: 35.311 Thread 0x00000261f648b610 8150   !   3       jdk.internal.misc.ScopedMemoryAccess::copyMemory (27 bytes)
Event: 35.311 Thread 0x00000261f648b610 nmethod 8150 0x00000261e215ee10 code [0x00000261e215f020, 0x00000261e215f640]
Event: 35.311 Thread 0x00000261f648b610 8151   !   3       jdk.internal.misc.ScopedMemoryAccess::copyMemoryInternal (56 bytes)
Event: 35.312 Thread 0x00000261f648b610 nmethod 8151 0x00000261e215fa10 code [0x00000261e215fc00, 0x00000261e2160138]
Event: 35.337 Thread 0x00000261f648b610 8152       3       java.util.concurrent.atomic.AtomicLong::addAndGet (14 bytes)
Event: 35.337 Thread 0x00000261f648b610 nmethod 8152 0x00000261e2160490 code [0x00000261e2160620, 0x00000261e2160740]
Event: 35.338 Thread 0x00000261f648b610 8153       3       java.util.concurrent.locks.AbstractQueuedSynchronizer$ExclusiveNode::<init> (5 bytes)
Event: 35.338 Thread 0x00000261f648b610 nmethod 8153 0x00000261e2160810 code [0x00000261e21609c0, 0x00000261e2160b88]

GC Heap History (20 events):
Event: 30.475 GC heap before
{Heap before GC invocations=43 (full 3):
 PSYoungGen      total 16384K, used 16382K [0x00000000d5580000, 0x00000000d6900000, 0x0000000100000000)
  eden space 15872K, 100% used [0x00000000d5580000,0x00000000d6500000,0x00000000d6500000)
  from space 512K, 99% used [0x00000000d6800000,0x00000000d687f920,0x00000000d6880000)
  to   space 512K, 0% used [0x00000000d6880000,0x00000000d6880000,0x00000000d6900000)
 ParOldGen       total 68608K, used 40246K [0x0000000080000000, 0x0000000084300000, 0x00000000d5580000)
  object space 68608K, 58% used [0x0000000080000000,0x000000008274d810,0x0000000084300000)
 Metaspace       used 59322K, committed 60736K, reserved 1114112K
  class space    used 7452K, committed 8064K, reserved 1048576K
}
Event: 30.477 GC heap after
{Heap after GC invocations=43 (full 3):
 PSYoungGen      total 16384K, used 503K [0x00000000d5580000, 0x00000000d6900000, 0x0000000100000000)
  eden space 15872K, 0% used [0x00000000d5580000,0x00000000d5580000,0x00000000d6500000)
  from space 512K, 98% used [0x00000000d6880000,0x00000000d68fde40,0x00000000d6900000)
  to   space 1024K, 0% used [0x00000000d6700000,0x00000000d6700000,0x00000000d6800000)
 ParOldGen       total 68608K, used 40482K [0x0000000080000000, 0x0000000084300000, 0x00000000d5580000)
  object space 68608K, 59% used [0x0000000080000000,0x00000000827888f8,0x0000000084300000)
 Metaspace       used 59322K, committed 60736K, reserved 1114112K
  class space    used 7452K, committed 8064K, reserved 1048576K
}
Event: 30.595 GC heap before
{Heap before GC invocations=44 (full 3):
 PSYoungGen      total 16384K, used 16375K [0x00000000d5580000, 0x00000000d6900000, 0x0000000100000000)
  eden space 15872K, 100% used [0x00000000d5580000,0x00000000d6500000,0x00000000d6500000)
  from space 512K, 98% used [0x00000000d6880000,0x00000000d68fde40,0x00000000d6900000)
  to   space 1024K, 0% used [0x00000000d6700000,0x00000000d6700000,0x00000000d6800000)
 ParOldGen       total 68608K, used 40482K [0x0000000080000000, 0x0000000084300000, 0x00000000d5580000)
  object space 68608K, 59% used [0x0000000080000000,0x00000000827888f8,0x0000000084300000)
 Metaspace       used 59322K, committed 60736K, reserved 1114112K
  class space    used 7452K, committed 8064K, reserved 1048576K
}
Event: 30.595 GC heap after
{Heap after GC invocations=44 (full 3):
 PSYoungGen      total 16896K, used 241K [0x00000000d5580000, 0x00000000d6900000, 0x0000000100000000)
  eden space 15872K, 0% used [0x00000000d5580000,0x00000000d5580000,0x00000000d6500000)
  from space 1024K, 23% used [0x00000000d6700000,0x00000000d673c640,0x00000000d6800000)
  to   space 512K, 0% used [0x00000000d6880000,0x00000000d6880000,0x00000000d6900000)
 ParOldGen       total 68608K, used 40562K [0x0000000080000000, 0x0000000084300000, 0x00000000d5580000)
  object space 68608K, 59% used [0x0000000080000000,0x000000008279c8f8,0x0000000084300000)
 Metaspace       used 59322K, committed 60736K, reserved 1114112K
  class space    used 7452K, committed 8064K, reserved 1048576K
}
Event: 30.736 GC heap before
{Heap before GC invocations=45 (full 3):
 PSYoungGen      total 16896K, used 16113K [0x00000000d5580000, 0x00000000d6900000, 0x0000000100000000)
  eden space 15872K, 100% used [0x00000000d5580000,0x00000000d6500000,0x00000000d6500000)
  from space 1024K, 23% used [0x00000000d6700000,0x00000000d673c640,0x00000000d6800000)
  to   space 512K, 0% used [0x00000000d6880000,0x00000000d6880000,0x00000000d6900000)
 ParOldGen       total 68608K, used 40562K [0x0000000080000000, 0x0000000084300000, 0x00000000d5580000)
  object space 68608K, 59% used [0x0000000080000000,0x000000008279c8f8,0x0000000084300000)
 Metaspace       used 59322K, committed 60736K, reserved 1114112K
  class space    used 7452K, committed 8064K, reserved 1048576K
}
Event: 30.736 GC heap after
{Heap after GC invocations=45 (full 3):
 PSYoungGen      total 16384K, used 503K [0x00000000d5580000, 0x00000000d6900000, 0x0000000100000000)
  eden space 15872K, 0% used [0x00000000d5580000,0x00000000d5580000,0x00000000d6500000)
  from space 512K, 98% used [0x00000000d6880000,0x00000000d68fdd18,0x00000000d6900000)
  to   space 1536K, 0% used [0x00000000d6600000,0x00000000d6600000,0x00000000d6780000)
 ParOldGen       total 68608K, used 41296K [0x0000000080000000, 0x0000000084300000, 0x00000000d5580000)
  object space 68608K, 60% used [0x0000000080000000,0x00000000828543c0,0x0000000084300000)
 Metaspace       used 59322K, committed 60736K, reserved 1114112K
  class space    used 7452K, committed 8064K, reserved 1048576K
}
Event: 30.875 GC heap before
{Heap before GC invocations=46 (full 3):
 PSYoungGen      total 16384K, used 16375K [0x00000000d5580000, 0x00000000d6900000, 0x0000000100000000)
  eden space 15872K, 100% used [0x00000000d5580000,0x00000000d6500000,0x00000000d6500000)
  from space 512K, 98% used [0x00000000d6880000,0x00000000d68fdd18,0x00000000d6900000)
  to   space 1536K, 0% used [0x00000000d6600000,0x00000000d6600000,0x00000000d6780000)
 ParOldGen       total 68608K, used 41296K [0x0000000080000000, 0x0000000084300000, 0x00000000d5580000)
  object space 68608K, 60% used [0x0000000080000000,0x00000000828543c0,0x0000000084300000)
 Metaspace       used 59322K, committed 60736K, reserved 1114112K
  class space    used 7452K, committed 8064K, reserved 1048576K
}
Event: 30.876 GC heap after
{Heap after GC invocations=46 (full 3):
 PSYoungGen      total 17408K, used 839K [0x00000000d5580000, 0x00000000d6900000, 0x0000000100000000)
  eden space 15872K, 0% used [0x00000000d5580000,0x00000000d5580000,0x00000000d6500000)
  from space 1536K, 54% used [0x00000000d6600000,0x00000000d66d1d50,0x00000000d6780000)
  to   space 1024K, 0% used [0x00000000d6800000,0x00000000d6800000,0x00000000d6900000)
 ParOldGen       total 68608K, used 41336K [0x0000000080000000, 0x0000000084300000, 0x00000000d5580000)
  object space 68608K, 60% used [0x0000000080000000,0x000000008285e3c0,0x0000000084300000)
 Metaspace       used 59322K, committed 60736K, reserved 1114112K
  class space    used 7452K, committed 8064K, reserved 1048576K
}
Event: 31.004 GC heap before
{Heap before GC invocations=47 (full 3):
 PSYoungGen      total 17408K, used 16711K [0x00000000d5580000, 0x00000000d6900000, 0x0000000100000000)
  eden space 15872K, 100% used [0x00000000d5580000,0x00000000d6500000,0x00000000d6500000)
  from space 1536K, 54% used [0x00000000d6600000,0x00000000d66d1d50,0x00000000d6780000)
  to   space 1024K, 0% used [0x00000000d6800000,0x00000000d6800000,0x00000000d6900000)
 ParOldGen       total 68608K, used 41336K [0x0000000080000000, 0x0000000084300000, 0x00000000d5580000)
  object space 68608K, 60% used [0x0000000080000000,0x000000008285e3c0,0x0000000084300000)
 Metaspace       used 59322K, committed 60736K, reserved 1114112K
  class space    used 7452K, committed 8064K, reserved 1048576K
}
Event: 31.005 GC heap after
{Heap after GC invocations=47 (full 3):
 PSYoungGen      total 16384K, used 213K [0x00000000d5580000, 0x00000000d6880000, 0x0000000100000000)
  eden space 15872K, 0% used [0x00000000d5580000,0x00000000d5580000,0x00000000d6500000)
  from space 512K, 41% used [0x00000000d6800000,0x00000000d68354b8,0x00000000d6880000)
  to   space 512K, 0% used [0x00000000d6780000,0x00000000d6780000,0x00000000d6800000)
 ParOldGen       total 68608K, used 41400K [0x0000000080000000, 0x0000000084300000, 0x00000000d5580000)
  object space 68608K, 60% used [0x0000000080000000,0x000000008286e3c0,0x0000000084300000)
 Metaspace       used 59322K, committed 60736K, reserved 1114112K
  class space    used 7452K, committed 8064K, reserved 1048576K
}
Event: 31.125 GC heap before
{Heap before GC invocations=48 (full 3):
 PSYoungGen      total 16384K, used 16085K [0x00000000d5580000, 0x00000000d6880000, 0x0000000100000000)
  eden space 15872K, 100% used [0x00000000d5580000,0x00000000d6500000,0x00000000d6500000)
  from space 512K, 41% used [0x00000000d6800000,0x00000000d68354b8,0x00000000d6880000)
  to   space 512K, 0% used [0x00000000d6780000,0x00000000d6780000,0x00000000d6800000)
 ParOldGen       total 68608K, used 41400K [0x0000000080000000, 0x0000000084300000, 0x00000000d5580000)
  object space 68608K, 60% used [0x0000000080000000,0x000000008286e3c0,0x0000000084300000)
 Metaspace       used 59322K, committed 60736K, reserved 1114112K
  class space    used 7452K, committed 8064K, reserved 1048576K
}
Event: 31.125 GC heap after
{Heap after GC invocations=48 (full 3):
 PSYoungGen      total 16384K, used 482K [0x00000000d5580000, 0x00000000d6880000, 0x0000000100000000)
  eden space 15872K, 0% used [0x00000000d5580000,0x00000000d5580000,0x00000000d6500000)
  from space 512K, 94% used [0x00000000d6780000,0x00000000d67f8b50,0x00000000d6800000)
  to   space 512K, 0% used [0x00000000d6800000,0x00000000d6800000,0x00000000d6880000)
 ParOldGen       total 68608K, used 41955K [0x0000000080000000, 0x0000000084300000, 0x00000000d5580000)
  object space 68608K, 61% used [0x0000000080000000,0x00000000828f8c70,0x0000000084300000)
 Metaspace       used 59322K, committed 60736K, reserved 1114112K
  class space    used 7452K, committed 8064K, reserved 1048576K
}
Event: 31.227 GC heap before
{Heap before GC invocations=49 (full 3):
 PSYoungGen      total 16384K, used 16354K [0x00000000d5580000, 0x00000000d6880000, 0x0000000100000000)
  eden space 15872K, 100% used [0x00000000d5580000,0x00000000d6500000,0x00000000d6500000)
  from space 512K, 94% used [0x00000000d6780000,0x00000000d67f8b50,0x00000000d6800000)
  to   space 512K, 0% used [0x00000000d6800000,0x00000000d6800000,0x00000000d6880000)
 ParOldGen       total 68608K, used 41955K [0x0000000080000000, 0x0000000084300000, 0x00000000d5580000)
  object space 68608K, 61% used [0x0000000080000000,0x00000000828f8c70,0x0000000084300000)
 Metaspace       used 59322K, committed 60736K, reserved 1114112K
  class space    used 7452K, committed 8064K, reserved 1048576K
}
Event: 31.228 GC heap after
{Heap after GC invocations=49 (full 3):
 PSYoungGen      total 16384K, used 511K [0x00000000d5580000, 0x00000000d6880000, 0x0000000100000000)
  eden space 15872K, 0% used [0x00000000d5580000,0x00000000d5580000,0x00000000d6500000)
  from space 512K, 99% used [0x00000000d6800000,0x00000000d687ffa8,0x00000000d6880000)
  to   space 1024K, 0% used [0x00000000d6680000,0x00000000d6680000,0x00000000d6780000)
 ParOldGen       total 68608K, used 42317K [0x0000000080000000, 0x0000000084300000, 0x00000000d5580000)
  object space 68608K, 61% used [0x0000000080000000,0x0000000082953658,0x0000000084300000)
 Metaspace       used 59322K, committed 60736K, reserved 1114112K
  class space    used 7452K, committed 8064K, reserved 1048576K
}
Event: 31.395 GC heap before
{Heap before GC invocations=50 (full 3):
 PSYoungGen      total 16384K, used 16383K [0x00000000d5580000, 0x00000000d6880000, 0x0000000100000000)
  eden space 15872K, 100% used [0x00000000d5580000,0x00000000d6500000,0x00000000d6500000)
  from space 512K, 99% used [0x00000000d6800000,0x00000000d687ffa8,0x00000000d6880000)
  to   space 1024K, 0% used [0x00000000d6680000,0x00000000d6680000,0x00000000d6780000)
 ParOldGen       total 68608K, used 42317K [0x0000000080000000, 0x0000000084300000, 0x00000000d5580000)
  object space 68608K, 61% used [0x0000000080000000,0x0000000082953658,0x0000000084300000)
 Metaspace       used 59508K, committed 60928K, reserved 1114112K
  class space    used 7485K, committed 8064K, reserved 1048576K
}
Event: 31.395 GC heap after
{Heap after GC invocations=50 (full 3):
 PSYoungGen      total 16896K, used 256K [0x00000000d5580000, 0x00000000d6880000, 0x0000000100000000)
  eden space 15872K, 0% used [0x00000000d5580000,0x00000000d5580000,0x00000000d6500000)
  from space 1024K, 25% used [0x00000000d6680000,0x00000000d66c0000,0x00000000d6780000)
  to   space 512K, 0% used [0x00000000d6800000,0x00000000d6800000,0x00000000d6880000)
 ParOldGen       total 68608K, used 42389K [0x0000000080000000, 0x0000000084300000, 0x00000000d5580000)
  object space 68608K, 61% used [0x0000000080000000,0x0000000082965668,0x0000000084300000)
 Metaspace       used 59508K, committed 60928K, reserved 1114112K
  class space    used 7485K, committed 8064K, reserved 1048576K
}
Event: 31.653 GC heap before
{Heap before GC invocations=51 (full 3):
 PSYoungGen      total 16896K, used 16128K [0x00000000d5580000, 0x00000000d6880000, 0x0000000100000000)
  eden space 15872K, 100% used [0x00000000d5580000,0x00000000d6500000,0x00000000d6500000)
  from space 1024K, 25% used [0x00000000d6680000,0x00000000d66c0000,0x00000000d6780000)
  to   space 512K, 0% used [0x00000000d6800000,0x00000000d6800000,0x00000000d6880000)
 ParOldGen       total 68608K, used 42389K [0x0000000080000000, 0x0000000084300000, 0x00000000d5580000)
  object space 68608K, 61% used [0x0000000080000000,0x0000000082965668,0x0000000084300000)
 Metaspace       used 61257K, committed 62848K, reserved 1114112K
  class space    used 7763K, committed 8448K, reserved 1048576K
}
Event: 31.654 GC heap after
{Heap after GC invocations=51 (full 3):
 PSYoungGen      total 16384K, used 512K [0x00000000d5580000, 0x00000000d6880000, 0x0000000100000000)
  eden space 15872K, 0% used [0x00000000d5580000,0x00000000d5580000,0x00000000d6500000)
  from space 512K, 100% used [0x00000000d6800000,0x00000000d6880000,0x00000000d6880000)
  to   space 1024K, 0% used [0x00000000d6680000,0x00000000d6680000,0x00000000d6780000)
 ParOldGen       total 68608K, used 42548K [0x0000000080000000, 0x0000000084300000, 0x00000000d5580000)
  object space 68608K, 62% used [0x0000000080000000,0x000000008298d368,0x0000000084300000)
 Metaspace       used 61257K, committed 62848K, reserved 1114112K
  class space    used 7763K, committed 8448K, reserved 1048576K
}
Event: 34.818 GC heap before
{Heap before GC invocations=52 (full 3):
 PSYoungGen      total 16384K, used 16369K [0x00000000d5580000, 0x00000000d6880000, 0x0000000100000000)
  eden space 15872K, 99% used [0x00000000d5580000,0x00000000d64fc428,0x00000000d6500000)
  from space 512K, 100% used [0x00000000d6800000,0x00000000d6880000,0x00000000d6880000)
  to   space 1024K, 0% used [0x00000000d6680000,0x00000000d6680000,0x00000000d6780000)
 ParOldGen       total 68608K, used 42548K [0x0000000080000000, 0x0000000084300000, 0x00000000d5580000)
  object space 68608K, 62% used [0x0000000080000000,0x000000008298d368,0x0000000084300000)
 Metaspace       used 62769K, committed 64320K, reserved 1114112K
  class space    used 7944K, committed 8576K, reserved 1048576K
}
Event: 34.821 GC heap after
{Heap after GC invocations=52 (full 3):
 PSYoungGen      total 16896K, used 1004K [0x00000000d5580000, 0x00000000d6900000, 0x0000000100000000)
  eden space 15872K, 0% used [0x00000000d5580000,0x00000000d5580000,0x00000000d6500000)
  from space 1024K, 98% used [0x00000000d6680000,0x00000000d677b290,0x00000000d6780000)
  to   space 1536K, 0% used [0x00000000d6780000,0x00000000d6780000,0x00000000d6900000)
 ParOldGen       total 68608K, used 43208K [0x0000000080000000, 0x0000000084300000, 0x00000000d5580000)
  object space 68608K, 62% used [0x0000000080000000,0x0000000082a32388,0x0000000084300000)
 Metaspace       used 62769K, committed 64320K, reserved 1114112K
  class space    used 7944K, committed 8576K, reserved 1048576K
}

Dll operation events (15 events):
Event: 0.009 Loaded shared library c:\Users\Admin\.vscode\extensions\redhat.java-1.53.0-win32-x64\jre\21.0.10-win32-x86_64\bin\java.dll
Event: 0.118 Loaded shared library c:\Users\Admin\.vscode\extensions\redhat.java-1.53.0-win32-x64\jre\21.0.10-win32-x86_64\bin\zip.dll
Event: 0.147 Loaded shared library C:\Users\Admin\.vscode\extensions\redhat.java-1.53.0-win32-x64\jre\21.0.10-win32-x86_64\bin\instrument.dll
Event: 0.152 Loaded shared library C:\Users\Admin\.vscode\extensions\redhat.java-1.53.0-win32-x64\jre\21.0.10-win32-x86_64\bin\net.dll
Event: 0.154 Loaded shared library C:\Users\Admin\.vscode\extensions\redhat.java-1.53.0-win32-x64\jre\21.0.10-win32-x86_64\bin\nio.dll
Event: 0.159 Loaded shared library C:\Users\Admin\.vscode\extensions\redhat.java-1.53.0-win32-x64\jre\21.0.10-win32-x86_64\bin\zip.dll
Event: 0.183 Loaded shared library C:\Users\Admin\.vscode\extensions\redhat.java-1.53.0-win32-x64\jre\21.0.10-win32-x86_64\bin\jimage.dll
Event: 0.273 Loaded shared library c:\Users\Admin\.vscode\extensions\redhat.java-1.53.0-win32-x64\jre\21.0.10-win32-x86_64\bin\verify.dll
Event: 14.353 Loaded shared library C:\Users\Admin\AppData\Roaming\Code\User\globalStorage\redhat.java\1.53.0\config_win\org.eclipse.equinox.launcher\org.eclipse.equinox.launcher.win32.win32.x86_64_1.3.0.v20260203-2149\eclipse_11919.dll
Event: 22.760 Loaded shared library C:\Users\Admin\AppData\Local\Temp\jna-63116079\jna18296974090073335229.dll
Event: 25.926 Loaded shared library C:\Users\Admin\.gradle\native\1def1411415f61bf3af743bc5b6707747c0891f09f0c88961ee8f79bc544acac\windows-amd64\native-platform.dll
Event: 27.711 Loaded shared library C:\Users\Admin\.vscode\extensions\redhat.java-1.53.0-win32-x64\jre\21.0.10-win32-x86_64\bin\management.dll
Event: 27.720 Loaded shared library C:\Users\Admin\.vscode\extensions\redhat.java-1.53.0-win32-x64\jre\21.0.10-win32-x86_64\bin\management_ext.dll
Event: 31.437 Loaded shared library C:\Users\Admin\.vscode\extensions\redhat.java-1.53.0-win32-x64\jre\21.0.10-win32-x86_64\bin\extnet.dll
Event: 31.807 Loaded shared library C:\Users\Admin\.vscode\extensions\redhat.java-1.53.0-win32-x64\jre\21.0.10-win32-x86_64\bin\sunmscapi.dll

Deoptimization events (20 events):
Event: 35.217 Thread 0x00000261fc6e2d20 Uncommon trap: trap_request=0xffffffc6 fr.pc=0x00000261e9233890 relative=0x0000000000000c10
Event: 35.217 Thread 0x00000261fc6e2d20 Uncommon trap: reason=bimorphic_or_optimized_type_check action=maybe_recompile pc=0x00000261e9233890 method=java.io.ObjectInputStream$PeekInputStream.read([BII)I @ 20 c2
Event: 35.217 Thread 0x00000261fc6e2d20 DEOPT PACKING pc=0x00000261e9233890 sp=0x000000f4d74fdb60
Event: 35.218 Thread 0x00000261fc6e2d20 DEOPT UNPACKING pc=0x00000261e88a3aa2 sp=0x000000f4d74fdaa8 mode 2
Event: 35.218 Thread 0x00000261fc6e2d20 Uncommon trap: trap_request=0xffffffc6 fr.pc=0x00000261e923ab40 relative=0x00000000000008c0
Event: 35.218 Thread 0x00000261fc6e2d20 Uncommon trap: reason=bimorphic_or_optimized_type_check action=maybe_recompile pc=0x00000261e923ab40 method=java.io.ObjectInputStream$PeekInputStream.read([BII)I @ 20 c2
Event: 35.218 Thread 0x00000261fc6e2d20 DEOPT PACKING pc=0x00000261e923ab40 sp=0x000000f4d74fdb10
Event: 35.218 Thread 0x00000261fc6e2d20 DEOPT UNPACKING pc=0x00000261e88a3aa2 sp=0x000000f4d74fdaf0 mode 2
Event: 35.238 Thread 0x00000261fc6e2d20 Uncommon trap: trap_request=0xffffffc6 fr.pc=0x00000261e9232330 relative=0x0000000000000490
Event: 35.238 Thread 0x00000261fc6e2d20 Uncommon trap: reason=bimorphic_or_optimized_type_check action=maybe_recompile pc=0x00000261e9232330 method=java.io.ObjectInputStream$PeekInputStream.peek()I @ 17 c2
Event: 35.238 Thread 0x00000261fc6e2d20 DEOPT PACKING pc=0x00000261e9232330 sp=0x000000f4d74fdc00
Event: 35.238 Thread 0x00000261fc6e2d20 DEOPT UNPACKING pc=0x00000261e88a3aa2 sp=0x000000f4d74fdbe8 mode 2
Event: 35.238 Thread 0x00000261fc6e2d20 Uncommon trap: trap_request=0xffffffc6 fr.pc=0x00000261e9232330 relative=0x0000000000000490
Event: 35.238 Thread 0x00000261fc6e2d20 Uncommon trap: reason=bimorphic_or_optimized_type_check action=maybe_recompile pc=0x00000261e9232330 method=java.io.ObjectInputStream$PeekInputStream.peek()I @ 17 c2
Event: 35.238 Thread 0x00000261fc6e2d20 DEOPT PACKING pc=0x00000261e9232330 sp=0x000000f4d74fd930
Event: 35.238 Thread 0x00000261fc6e2d20 DEOPT UNPACKING pc=0x00000261e88a3aa2 sp=0x000000f4d74fd910 mode 2
Event: 35.252 Thread 0x00000261fc6e2d20 Uncommon trap: trap_request=0xffffffde fr.pc=0x00000261e923981c relative=0x000000000000039c
Event: 35.252 Thread 0x00000261fc6e2d20 Uncommon trap: reason=class_check action=maybe_recompile pc=0x00000261e923981c method=java.io.ObjectInputStream$PeekInputStream.read()I @ 23 c2
Event: 35.252 Thread 0x00000261fc6e2d20 DEOPT PACKING pc=0x00000261e923981c sp=0x000000f4d74fd2b0
Event: 35.253 Thread 0x00000261fc6e2d20 DEOPT UNPACKING pc=0x00000261e88a3aa2 sp=0x000000f4d74fd230 mode 2

Classes loaded (20 events):
Event: 31.855 Loading class java/io/ObjectStreamClass$5
Event: 31.856 Loading class java/io/ObjectStreamClass$5 done
Event: 31.870 Loading class java/nio/channels/spi/AbstractSelector$1
Event: 31.870 Loading class java/nio/channels/spi/AbstractSelector$1 done
Event: 31.935 Loading class java/util/concurrent/Executors$AutoShutdownDelegatedExecutorService
Event: 31.935 Loading class java/util/concurrent/Executors$AutoShutdownDelegatedExecutorService done
Event: 32.273 Loading class java/lang/UnsupportedClassVersionError
Event: 32.273 Loading class java/lang/UnsupportedClassVersionError done
Event: 34.812 Loading class java/time/Ser
Event: 34.812 Loading class java/time/Ser done
Event: 35.032 Loading class java/net/Proxy
Event: 35.033 Loading class java/net/Proxy done
Event: 35.045 Loading class java/util/concurrent/ConcurrentLinkedQueue$Itr
Event: 35.045 Loading class java/util/concurrent/ConcurrentLinkedQueue$Itr done
Event: 35.222 Loading class java/lang/Throwable$PrintStreamOrWriter
Event: 35.223 Loading class java/lang/Throwable$PrintStreamOrWriter done
Event: 35.265 Loading class sun/misc/SharedSecrets
Event: 35.265 Loading class sun/misc/SharedSecrets done
Event: 35.265 Loading class java/lang/Throwable$WrappedPrintWriter
Event: 35.265 Loading class java/lang/Throwable$WrappedPrintWriter done

Classes unloaded (17 events):
Event: 23.445 Thread 0x00000261f4b60e90 Unloading class 0x00000261811ac800 'java/lang/invoke/LambdaForm$MH+0x00000261811ac800'
Event: 23.445 Thread 0x00000261f4b60e90 Unloading class 0x00000261811ac400 'java/lang/invoke/LambdaForm$MH+0x00000261811ac400'
Event: 23.445 Thread 0x00000261f4b60e90 Unloading class 0x00000261811ac000 'java/lang/invoke/LambdaForm$MH+0x00000261811ac000'
Event: 23.445 Thread 0x00000261f4b60e90 Unloading class 0x00000261811abc00 'java/lang/invoke/LambdaForm$MH+0x00000261811abc00'
Event: 23.445 Thread 0x00000261f4b60e90 Unloading class 0x00000261811ab800 'java/lang/invoke/LambdaForm$BMH+0x00000261811ab800'
Event: 23.445 Thread 0x00000261f4b60e90 Unloading class 0x00000261811ab400 'java/lang/invoke/LambdaForm$DMH+0x00000261811ab400'
Event: 23.445 Thread 0x00000261f4b60e90 Unloading class 0x00000261811aa000 'java/lang/invoke/LambdaForm$DMH+0x00000261811aa000'
Event: 24.943 Thread 0x00000261f4b60e90 Unloading class 0x000002618132d000 'java/lang/invoke/LambdaForm$MH+0x000002618132d000'
Event: 24.943 Thread 0x00000261f4b60e90 Unloading class 0x000002618132c400 'java/lang/invoke/LambdaForm$MH+0x000002618132c400'
Event: 24.943 Thread 0x00000261f4b60e90 Unloading class 0x000002618132bc00 'java/lang/invoke/LambdaForm$MH+0x000002618132bc00'
Event: 24.943 Thread 0x00000261f4b60e90 Unloading class 0x000002618132b800 'java/lang/invoke/LambdaForm$MH+0x000002618132b800'
Event: 24.944 Thread 0x00000261f4b60e90 Unloading class 0x000002618132b000 'java/lang/invoke/LambdaForm$DMH+0x000002618132b000'
Event: 24.944 Thread 0x00000261f4b60e90 Unloading class 0x000002618132a400 'java/lang/invoke/LambdaForm$MH+0x000002618132a400'
Event: 24.944 Thread 0x00000261f4b60e90 Unloading class 0x0000026181323000 'java/lang/invoke/LambdaForm$MH+0x0000026181323000'
Event: 24.944 Thread 0x00000261f4b60e90 Unloading class 0x0000026181322400 'java/lang/invoke/LambdaForm$MH+0x0000026181322400'
Event: 24.944 Thread 0x00000261f4b60e90 Unloading class 0x0000026181321c00 'java/lang/invoke/LambdaForm$MH+0x0000026181321c00'
Event: 24.944 Thread 0x00000261f4b60e90 Unloading class 0x0000026181321400 'java/lang/invoke/LambdaForm$MH+0x0000026181321400'

Classes redefined (0 events):
No events

Internal exceptions (20 events):
Event: 34.506 Thread 0x00000261fc6e2d20 Exception <a 'java/lang/NoSuchMethodError'{0x00000000d6356da0}: static Lorg/gradle/internal/build/event/types/DefaultFailure;.<clinit>()V> (0x00000000d6356da0) 
thrown [s\src\hotspot\share\prims\jni.cpp, line 1111]
Event: 34.807 Thread 0x00000261fc6e2d20 Exception <a 'java/lang/NoSuchMethodError'{0x00000000d6400060}: static Lorg/gradle/internal/build/event/types/AbstractProjectConfigurationResult;.<clinit>()V> (0x00000000d6400060) 
thrown [s\src\hotspot\share\prims\jni.cpp, line 1111]
Event: 34.808 Thread 0x00000261fc6e2d20 Exception <a 'java/lang/NoSuchMethodError'{0x00000000d64142d0}: static Lorg/gradle/internal/build/event/types/DefaultProjectConfigurationFailureResult;.<clinit>()V> (0x00000000d64142d0) 
thrown [s\src\hotspot\share\prims\jni.cpp, line 1111]
Event: 34.810 Thread 0x00000261fc6e2d20 Exception <a 'java/lang/NoSuchMethodError'{0x00000000d642cef0}: static Lorg/gradle/internal/build/event/types/DefaultPluginApplicationResult;.<clinit>()V> (0x00000000d642cef0) 
thrown [s\src\hotspot\share\prims\jni.cpp, line 1111]
Event: 34.812 Thread 0x00000261fc6e2d20 Exception <a 'java/lang/NoSuchMethodError'{0x00000000d6445d50}: static Lorg/gradle/internal/build/event/types/DefaultBinaryPluginIdentifier;.<clinit>()V> (0x00000000d6445d50) 
thrown [s\src\hotspot\share\prims\jni.cpp, line 1111]
Event: 34.814 Thread 0x00000261fc6e2d20 Exception <a 'java/lang/NoSuchMethodError'{0x00000000d6465b08}: static Lorg/gradle/internal/build/event/types/DefaultScriptPluginIdentifier;.<clinit>()V> (0x00000000d6465b08) 
thrown [s\src\hotspot\share\prims\jni.cpp, line 1111]
Event: 34.917 Thread 0x00000261fc6e2d20 Exception <a 'java/lang/NoSuchMethodError'{0x00000000d5778648}: static Lorg/gradle/internal/build/event/types/DefaultRootOperationDescriptor;.<clinit>()V> (0x00000000d5778648) 
thrown [s\src\hotspot\share\prims\jni.cpp, line 1111]
Event: 35.030 Thread 0x00000261fc6e2d20 Exception <a 'java/lang/NoSuchMethodError'{0x00000000d580aef8}: static Lorg/gradle/internal/classloader/ClassLoaderSpec;.<clinit>()V> (0x00000000d580aef8) 
thrown [s\src\hotspot\share\prims\jni.cpp, line 1111]
Event: 35.031 Thread 0x00000261fc6e2d20 Exception <a 'java/lang/NoSuchMethodError'{0x00000000d581bb68}: static Lorg/gradle/internal/classloader/VisitableURLClassLoader$Spec;.<clinit>()V> (0x00000000d581bb68) 
thrown [s\src\hotspot\share\prims\jni.cpp, line 1111]
Event: 35.060 Thread 0x00000261fc6e2d20 Exception <a 'java/lang/NoSuchMethodError'{0x00000000d59bfe18}: static [B.<clinit>()V> (0x00000000d59bfe18) 
thrown [s\src\hotspot\share\prims\jni.cpp, line 1111]
Event: 35.238 Thread 0x00000261fc6e2d20 Exception <a 'java/lang/NoSuchMethodError'{0x00000000d5f368f0}: static Lorg/gradle/api/GradleException;.<clinit>()V> (0x00000000d5f368f0) 
thrown [s\src\hotspot\share\prims\jni.cpp, line 1111]
Event: 35.238 Thread 0x00000261fc6e2d20 Exception <a 'java/lang/NoSuchMethodError'{0x00000000d5f38840}: static Lorg/gradle/internal/exceptions/DefaultMultiCauseException;.<clinit>()V> (0x00000000d5f38840) 
thrown [s\src\hotspot\share\prims\jni.cpp, line 1111]
Event: 35.238 Thread 0x00000261fc6e2d20 Exception <a 'java/lang/NoSuchMethodError'{0x00000000d5f3cbe0}: static Lorg/gradle/api/artifacts/ResolveException;.<clinit>()V> (0x00000000d5f3cbe0) 
thrown [s\src\hotspot\share\prims\jni.cpp, line 1111]
Event: 35.238 Thread 0x00000261fc6e2d20 Exception <a 'java/lang/NoSuchMethodError'{0x00000000d5f3e938}: static Lorg/gradle/api/internal/artifacts/ivyservice/TypedResolveException;.<clinit>()V> (0x00000000d5f3e938) 
thrown [s\src\hotspot\share\prims\jni.cpp, line 1111]
Event: 35.239 Thread 0x00000261fc6e2d20 Exception <a 'java/lang/NoSuchMethodError'{0x00000000d5f48128}: static [Ljava/lang/StackTraceElement;.<clinit>()V> (0x00000000d5f48128) 
thrown [s\src\hotspot\share\prims\jni.cpp, line 1111]
Event: 35.249 Thread 0x00000261fc6e2d20 Exception <a 'java/lang/NoSuchMethodError'{0x00000000d5f82258}: static Lorg/gradle/api/ProjectConfigurationException;.<clinit>()V> (0x00000000d5f82258) 
thrown [s\src\hotspot\share\prims\jni.cpp, line 1111]
Event: 35.251 Thread 0x00000261fc6e2d20 Exception <a 'java/lang/NoSuchMethodError'{0x00000000d5f9e628}: static Lorg/gradle/tooling/internal/protocol/InternalBuildActionFailureException;.<clinit>()V> (0x00000000d5f9e628) 
thrown [s\src\hotspot\share\prims\jni.cpp, line 1111]
Event: 35.265 Thread 0x00000261fbaa1400 Exception <a 'java/lang/ClassNotFoundException'{0x00000000d60632e8}: sun/misc/SharedSecrets> (0x00000000d60632e8) 
thrown [s\src\hotspot\share\classfile\systemDictionary.cpp, line 312]
Event: 35.267 Thread 0x00000261fbaa1400 Exception <a 'java/lang/NoSuchMethodError'{0x00000000d60f2350}: 'void java.lang.invoke.DirectMethodHandle$Holder.invokeStatic(java.lang.Object, int, java.lang.Object)'> (0x00000000d60f2350) 
thrown [s\src\hotspot\share\interpreter\linkResolver.cpp, line 773]
Event: 35.268 Thread 0x00000261fbaa1400 Exception <a 'java/lang/NoSuchMethodError'{0x00000000d61316b0}: 'void java.lang.invoke.DirectMethodHandle$Holder.invokeSpecialIFC(java.lang.Object, java.lang.Object, java.lang.Object, java.lang.Object)'> (0x00000000d61316b0) 
thrown [s\src\hotspot\share\interpreter\linkResolver.cpp, line 773]

ZGC Phase Switch (0 events):
No events

VM Operations (20 events):
Event: 31.594 Executing non-safepoint VM operation: HandshakeAllThreads (Deoptimize)
Event: 31.594 Executing non-safepoint VM operation: HandshakeAllThreads (Deoptimize) done
Event: 31.653 Executing safepoint VM operation: ParallelGCFailedAllocation (Allocation Failure)
Event: 31.654 Executing safepoint VM operation: ParallelGCFailedAllocation (Allocation Failure) done
Event: 31.784 Executing non-safepoint VM operation: HandshakeAllThreads (Deoptimize)
Event: 31.786 Executing non-safepoint VM operation: HandshakeAllThreads (Deoptimize) done
Event: 32.786 Executing safepoint VM operation: Cleanup
Event: 32.786 Executing safepoint VM operation: Cleanup done
Event: 33.787 Executing safepoint VM operation: Cleanup
Event: 33.787 Executing safepoint VM operation: Cleanup done
Event: 34.788 Executing safepoint VM operation: Cleanup
Event: 34.788 Executing safepoint VM operation: Cleanup done
Event: 34.818 Executing safepoint VM operation: ParallelGCFailedAllocation (Allocation Failure)
Event: 34.821 Executing safepoint VM operation: ParallelGCFailedAllocation (Allocation Failure) done
Event: 35.050 Executing non-safepoint VM operation: HandshakeAllThreads (Deoptimize)
Event: 35.050 Executing non-safepoint VM operation: HandshakeAllThreads (Deoptimize) done
Event: 35.185 Executing non-safepoint VM operation: HandshakeAllThreads (Deoptimize)
Event: 35.185 Executing non-safepoint VM operation: HandshakeAllThreads (Deoptimize) done
Event: 35.208 Executing non-safepoint VM operation: HandshakeAllThreads (Deoptimize)
Event: 35.208 Executing non-safepoint VM operation: HandshakeAllThreads (Deoptimize) done

Memory protections (0 events):
No events

Nmethod flushes (20 events):
Event: 29.596 Thread 0x00000261f4b60e90 flushing  nmethod 0x00000261e1c4af10
Event: 29.596 Thread 0x00000261f4b60e90 flushing  nmethod 0x00000261e1c9e090
Event: 29.596 Thread 0x00000261f4b60e90 flushing  nmethod 0x00000261e1ca8810
Event: 29.596 Thread 0x00000261f4b60e90 flushing  nmethod 0x00000261e1cab390
Event: 29.596 Thread 0x00000261f4b60e90 flushing  nmethod 0x00000261e1cae890
Event: 29.596 Thread 0x00000261f4b60e90 flushing  nmethod 0x00000261e1caee90
Event: 29.596 Thread 0x00000261f4b60e90 flushing  nmethod 0x00000261e1cb2c10
Event: 29.596 Thread 0x00000261f4b60e90 flushing  nmethod 0x00000261e1cb3a10
Event: 29.596 Thread 0x00000261f4b60e90 flushing  nmethod 0x00000261e1ccee10
Event: 29.596 Thread 0x00000261f4b60e90 flushing  nmethod 0x00000261e1ce2190
Event: 29.596 Thread 0x00000261f4b60e90 flushing  nmethod 0x00000261e1ce5490
Event: 29.596 Thread 0x00000261f4b60e90 flushing  nmethod 0x00000261e1ce5b90
Event: 29.596 Thread 0x00000261f4b60e90 flushing  nmethod 0x00000261e1ce6990
Event: 29.596 Thread 0x00000261f4b60e90 flushing  nmethod 0x00000261e1cea710
Event: 29.596 Thread 0x00000261f4b60e90 flushing  nmethod 0x00000261e1ced690
Event: 29.596 Thread 0x00000261f4b60e90 flushing  nmethod 0x00000261e1d0a610
Event: 29.596 Thread 0x00000261f4b60e90 flushing  nmethod 0x00000261e1d10510
Event: 29.596 Thread 0x00000261f4b60e90 flushing  nmethod 0x00000261e1d1ae10
Event: 29.596 Thread 0x00000261f4b60e90 flushing  nmethod 0x00000261e1d2f090
Event: 29.596 Thread 0x00000261f4b60e90 flushing  nmethod 0x00000261e1d3e290

Events (20 events):
Event: 27.794 Thread 0x00000261fbaa1400 Thread added: 0x00000261fc6e61a0
Event: 27.795 Thread 0x00000261fbaa1400 Thread added: 0x00000261fc6e9620
Event: 27.869 Thread 0x00000261fbaa2e40 Thread exited: 0x00000261fbaa2e40
Event: 27.869 Thread 0x00000261fc6e9620 Thread exited: 0x00000261fc6e9620
Event: 27.881 Thread 0x00000261fbaa0050 Thread added: 0x00000261fc6e7550
Event: 27.885 Thread 0x00000261fbaa1400 Thread added: 0x00000261fc6e6ec0
Event: 27.889 Thread 0x00000261fbaa1400 Thread added: 0x00000261fc6e2690
Event: 27.913 Thread 0x00000261fc6e2690 Thread exited: 0x00000261fc6e2690
Event: 27.914 Thread 0x00000261fbaa1400 Thread added: 0x00000261fc6e3a40
Event: 28.155 Thread 0x00000261fbaa1400 Thread added: 0x00000261fc6e7be0
Event: 28.156 Thread 0x00000261fbaa1400 Thread added: 0x00000261fc6e40d0
Event: 28.168 Thread 0x00000261fc6e40d0 Thread exited: 0x00000261fc6e40d0
Event: 28.169 Thread 0x00000261fbaa1400 Thread added: 0x00000261fc6e2690
Event: 28.174 Thread 0x00000261fbaa1400 Thread added: 0x00000261fc6e2d20
Event: 28.530 Thread 0x00000261fbaaf500 Thread exited: 0x00000261fbaaf500
Event: 28.654 Thread 0x00000261f648b610 Thread added: 0x00000261fbaaf500
Event: 31.656 Thread 0x00000261fc6e2d20 Thread added: 0x00000261fc6e40d0
Event: 32.276 Thread 0x00000261fbaaf500 Thread exited: 0x00000261fbaaf500
Event: 35.045 Thread 0x00000261fc6e40d0 Thread exited: 0x00000261fc6e40d0
Event: 35.255 Thread 0x00000261fc6e2d20 Thread exited: 0x00000261fc6e2d20


Dynamic libraries:
0x00007ff72cf50000 - 0x00007ff72cf5e000 	c:\Users\Admin\.vscode\extensions\redhat.java-1.53.0-win32-x64\jre\21.0.10-win32-x86_64\bin\java.exe
0x00007ffc1da50000 - 0x00007ffc1dc48000 	C:\Windows\SYSTEM32\ntdll.dll
0x00007ffc1ce90000 - 0x00007ffc1cf52000 	C:\Windows\System32\KERNEL32.DLL
0x00007ffc1b2b0000 - 0x00007ffc1b5a6000 	C:\Windows\System32\KERNELBASE.dll
0x00007ffc1b940000 - 0x00007ffc1ba40000 	C:\Windows\System32\ucrtbase.dll
0x00007ffbf4f70000 - 0x00007ffbf4f8e000 	c:\Users\Admin\.vscode\extensions\redhat.java-1.53.0-win32-x64\jre\21.0.10-win32-x86_64\bin\VCRUNTIME140.dll
0x00007ffbf71f0000 - 0x00007ffbf7208000 	c:\Users\Admin\.vscode\extensions\redhat.java-1.53.0-win32-x64\jre\21.0.10-win32-x86_64\bin\jli.dll
0x00007ffc1cac0000 - 0x00007ffc1cc61000 	C:\Windows\System32\USER32.dll
0x00007ffc078e0000 - 0x00007ffc07b7b000 	C:\Windows\WinSxS\amd64_microsoft.windows.common-controls_6595b64144ccf1df_6.0.19041.6456_none_60b8a6cb71f64256\COMCTL32.dll
0x00007ffc1ba40000 - 0x00007ffc1ba62000 	C:\Windows\System32\win32u.dll
0x00007ffc1d910000 - 0x00007ffc1d9ae000 	C:\Windows\System32\msvcrt.dll
0x00007ffc1bee0000 - 0x00007ffc1bf0b000 	C:\Windows\System32\GDI32.dll
0x00007ffc1b0e0000 - 0x00007ffc1b1f9000 	C:\Windows\System32\gdi32full.dll
0x00007ffc1b710000 - 0x00007ffc1b7ad000 	C:\Windows\System32\msvcp_win.dll
0x00007ffc1d6a0000 - 0x00007ffc1d6cf000 	C:\Windows\System32\IMM32.DLL
0x00007ffbfdd10000 - 0x00007ffbfdd1c000 	c:\Users\Admin\.vscode\extensions\redhat.java-1.53.0-win32-x64\jre\21.0.10-win32-x86_64\bin\vcruntime140_1.dll
0x00007ffbc6760000 - 0x00007ffbc67ed000 	c:\Users\Admin\.vscode\extensions\redhat.java-1.53.0-win32-x64\jre\21.0.10-win32-x86_64\bin\msvcp140.dll
0x00007ffb98de0000 - 0x00007ffb99b81000 	c:\Users\Admin\.vscode\extensions\redhat.java-1.53.0-win32-x64\jre\21.0.10-win32-x86_64\bin\server\jvm.dll
0x00007ffc1c8e0000 - 0x00007ffc1c991000 	C:\Windows\System32\ADVAPI32.dll
0x00007ffc1bf10000 - 0x00007ffc1bfaf000 	C:\Windows\System32\sechost.dll
0x00007ffc1c9a0000 - 0x00007ffc1cac0000 	C:\Windows\System32\RPCRT4.dll
0x00007ffc1b7b0000 - 0x00007ffc1b7d7000 	C:\Windows\System32\bcrypt.dll
0x00007ffc1cd70000 - 0x00007ffc1cddb000 	C:\Windows\System32\WS2_32.dll
0x00007ffc0e5c0000 - 0x00007ffc0e5e7000 	C:\Windows\SYSTEM32\WINMM.dll
0x00007ffc1a620000 - 0x00007ffc1a66b000 	C:\Windows\SYSTEM32\POWRPROF.dll
0x00007ffc11130000 - 0x00007ffc1113a000 	C:\Windows\SYSTEM32\VERSION.dll
0x00007ffc1a4e0000 - 0x00007ffc1a4f2000 	C:\Windows\SYSTEM32\UMPDC.dll
0x00007ffc19130000 - 0x00007ffc19142000 	C:\Windows\SYSTEM32\kernel.appcore.dll
0x00007ffbfdce0000 - 0x00007ffbfdcea000 	c:\Users\Admin\.vscode\extensions\redhat.java-1.53.0-win32-x64\jre\21.0.10-win32-x86_64\bin\jimage.dll
0x00007ffc18c70000 - 0x00007ffc18e71000 	C:\Windows\SYSTEM32\DBGHELP.DLL
0x00007ffc01df0000 - 0x00007ffc01e24000 	C:\Windows\SYSTEM32\dbgcore.DLL
0x00007ffc1b630000 - 0x00007ffc1b6b2000 	C:\Windows\System32\bcryptPrimitives.dll
0x00007ffc158e0000 - 0x00007ffc158ef000 	c:\Users\Admin\.vscode\extensions\redhat.java-1.53.0-win32-x64\jre\21.0.10-win32-x86_64\bin\instrument.dll
0x00007ffbf2a70000 - 0x00007ffbf2a90000 	c:\Users\Admin\.vscode\extensions\redhat.java-1.53.0-win32-x64\jre\21.0.10-win32-x86_64\bin\java.dll
0x00007ffc1c0e0000 - 0x00007ffc1c850000 	C:\Windows\System32\SHELL32.dll
0x00007ffc19150000 - 0x00007ffc198f5000 	C:\Windows\SYSTEM32\windows.storage.dll
0x00007ffc1d340000 - 0x00007ffc1d694000 	C:\Windows\System32\combase.dll
0x00007ffc1ab10000 - 0x00007ffc1ab3b000 	C:\Windows\SYSTEM32\Wldp.dll
0x00007ffc1cf60000 - 0x00007ffc1d02d000 	C:\Windows\System32\OLEAUT32.dll
0x00007ffc1cde0000 - 0x00007ffc1ce8d000 	C:\Windows\System32\SHCORE.dll
0x00007ffc1d9b0000 - 0x00007ffc1da0b000 	C:\Windows\System32\shlwapi.dll
0x00007ffc1b010000 - 0x00007ffc1b034000 	C:\Windows\SYSTEM32\profapi.dll
0x00007ffbf2180000 - 0x00007ffbf2198000 	c:\Users\Admin\.vscode\extensions\redhat.java-1.53.0-win32-x64\jre\21.0.10-win32-x86_64\bin\zip.dll
0x00007ffbfc7b0000 - 0x00007ffbfc7c0000 	C:\Users\Admin\.vscode\extensions\redhat.java-1.53.0-win32-x64\jre\21.0.10-win32-x86_64\bin\net.dll
0x00007ffc147b0000 - 0x00007ffc148ba000 	C:\Windows\SYSTEM32\WINHTTP.dll
0x00007ffc1a870000 - 0x00007ffc1a8da000 	C:\Windows\system32\mswsock.dll
0x00007ffbf2070000 - 0x00007ffbf2086000 	C:\Users\Admin\.vscode\extensions\redhat.java-1.53.0-win32-x64\jre\21.0.10-win32-x86_64\bin\nio.dll
0x00007ffbf0df0000 - 0x00007ffbf0e00000 	c:\Users\Admin\.vscode\extensions\redhat.java-1.53.0-win32-x64\jre\21.0.10-win32-x86_64\bin\verify.dll
0x00007ffbeec60000 - 0x00007ffbeeca5000 	C:\Users\Admin\AppData\Roaming\Code\User\globalStorage\redhat.java\1.53.0\config_win\org.eclipse.equinox.launcher\org.eclipse.equinox.launcher.win32.win32.x86_64_1.3.0.v20260203-2149\eclipse_11919.dll
0x00007ffc1d780000 - 0x00007ffc1d8ab000 	C:\Windows\System32\ole32.dll
0x00007ffc1aa70000 - 0x00007ffc1aa88000 	C:\Windows\SYSTEM32\CRYPTSP.dll
0x00007ffc1a120000 - 0x00007ffc1a158000 	C:\Windows\system32\rsaenh.dll
0x00007ffc1afd0000 - 0x00007ffc1affe000 	C:\Windows\SYSTEM32\USERENV.dll
0x00007ffc1aa60000 - 0x00007ffc1aa6c000 	C:\Windows\SYSTEM32\CRYPTBASE.dll
0x00007ffc1a500000 - 0x00007ffc1a53b000 	C:\Windows\SYSTEM32\IPHLPAPI.DLL
0x00007ffc1c0d0000 - 0x00007ffc1c0d8000 	C:\Windows\System32\NSI.dll
0x00007ffbed4c0000 - 0x00007ffbed509000 	C:\Users\Admin\AppData\Local\Temp\jna-63116079\jna18296974090073335229.dll
0x00007ffc1cd60000 - 0x00007ffc1cd68000 	C:\Windows\System32\PSAPI.DLL
0x00007ffc12e20000 - 0x00007ffc12e37000 	C:\Windows\SYSTEM32\dhcpcsvc6.DLL
0x00007ffc13520000 - 0x00007ffc1353d000 	C:\Windows\SYSTEM32\dhcpcsvc.DLL
0x00007ffbfde10000 - 0x00007ffbfde37000 	C:\Users\Admin\.gradle\native\1def1411415f61bf3af743bc5b6707747c0891f09f0c88961ee8f79bc544acac\windows-amd64\native-platform.dll
0x00007ffbfc120000 - 0x00007ffbfc12a000 	C:\Users\Admin\.vscode\extensions\redhat.java-1.53.0-win32-x64\jre\21.0.10-win32-x86_64\bin\management.dll
0x00007ffbfbc50000 - 0x00007ffbfbc5c000 	C:\Users\Admin\.vscode\extensions\redhat.java-1.53.0-win32-x64\jre\21.0.10-win32-x86_64\bin\management_ext.dll
0x00007ffbf66c0000 - 0x00007ffbf66c9000 	C:\Users\Admin\.vscode\extensions\redhat.java-1.53.0-win32-x64\jre\21.0.10-win32-x86_64\bin\extnet.dll
0x00007ffbfaa20000 - 0x00007ffbfaa2e000 	C:\Users\Admin\.vscode\extensions\redhat.java-1.53.0-win32-x64\jre\21.0.10-win32-x86_64\bin\sunmscapi.dll
0x00007ffc1b7e0000 - 0x00007ffc1b93d000 	C:\Windows\System32\CRYPT32.dll
0x00007ffc1ab80000 - 0x00007ffc1aba7000 	C:\Windows\SYSTEM32\ncrypt.dll
0x00007ffc1ab40000 - 0x00007ffc1ab7b000 	C:\Windows\SYSTEM32\NTASN1.dll
0x00007ffc15410000 - 0x00007ffc15417000 	C:\Windows\system32\wshunix.dll

JVMTI agents:
c:\Users\Admin\.vscode\extensions\redhat.java-1.53.0-win32-x64\lombok\lombok-1.18.39-4050.jar path:c:\Users\Admin\.vscode\extensions\redhat.java-1.53.0-win32-x64\jre\21.0.10-win32-x86_64\bin\instrument.dll, loaded, initialized, instrumentlib options:none

dbghelp: loaded successfully - version: 4.0.5 - missing functions: none
symbol engine: initialized successfully - sym options: 0x614 - pdb path: .;c:\Users\Admin\.vscode\extensions\redhat.java-1.53.0-win32-x64\jre\21.0.10-win32-x86_64\bin;C:\Windows\SYSTEM32;C:\Windows\WinSxS\amd64_microsoft.windows.common-controls_6595b64144ccf1df_6.0.19041.6456_none_60b8a6cb71f64256;c:\Users\Admin\.vscode\extensions\redhat.java-1.53.0-win32-x64\jre\21.0.10-win32-x86_64\bin\server;C:\Users\Admin\AppData\Roaming\Code\User\globalStorage\redhat.java\1.53.0\config_win\org.eclipse.equinox.launcher\org.eclipse.equinox.launcher.win32.win32.x86_64_1.3.0.v20260203-2149;C:\Users\Admin\AppData\Local\Temp\jna-63116079;C:\Users\Admin\.gradle\native\1def1411415f61bf3af743bc5b6707747c0891f09f0c88961ee8f79bc544acac\windows-amd64

VM Arguments:
jvm_args: --add-modules=ALL-SYSTEM --add-opens=java.base/java.util=ALL-UNNAMED --add-opens=java.base/java.lang=ALL-UNNAMED --add-opens=java.base/sun.nio.fs=ALL-UNNAMED -Declipse.application=org.eclipse.jdt.ls.core.id1 -Dosgi.bundles.defaultStartLevel=4 -Declipse.product=org.eclipse.jdt.ls.core.product -Djava.import.generatesMetadataFilesAtProjectRoot=false -DDetectVMInstallationsJob.disabled=true -Dfile.encoding=utf8 -XX:+UseParallelGC -XX:GCTimeRatio=4 -XX:AdaptiveSizePolicyWeight=90 -Dsun.zip.disableMemoryMapping=true -Xmx2G -Xms100m -Xlog:disable -javaagent:c:\Users\Admin\.vscode\extensions\redhat.java-1.53.0-win32-x64\lombok\lombok-1.18.39-4050.jar -XX:+HeapDumpOnOutOfMemoryError -XX:HeapDumpPath=c:\Users\Admin\AppData\Roaming\Code\User\workspaceStorage\d2d999c68d80241e3b0ecaf4ef2c1df0\redhat.java -Daether.dependencyCollector.impl=bf 
java_command: c:\Users\Admin\.vscode\extensions\redhat.java-1.53.0-win32-x64\server\plugins\org.eclipse.equinox.launcher_1.7.100.v20251111-0406.jar -configuration c:\Users\Admin\AppData\Roaming\Code\User\globalStorage\redhat.java\1.53.0\config_win -data c:\Users\Admin\AppData\Roaming\Code\User\workspaceStorage\d2d999c68d80241e3b0ecaf4ef2c1df0\redhat.java\jdt_ws --pipe=\\.\pipe\lsp-bf66f3b13972a485f7e4222f0c4e61fc-sock
java_class_path (initial): c:\Users\Admin\.vscode\extensions\redhat.java-1.53.0-win32-x64\server\plugins\org.eclipse.equinox.launcher_1.7.100.v20251111-0406.jar
Launcher Type: SUN_STANDARD

[Global flags]
    uintx AdaptiveSizePolicyWeight                 = 90                                        {product} {command line}
     intx CICompilerCount                          = 4                                         {product} {ergonomic}
    uintx GCTimeRatio                              = 4                                         {product} {command line}
     bool HeapDumpOnOutOfMemoryError               = true                                   {manageable} {command line}
    ccstr HeapDumpPath                             = c:\Users\Admin\AppData\Roaming\Code\User\workspaceStorage\d2d999c68d80241e3b0ecaf4ef2c1df0\redhat.java         {manageable} {command line}
   size_t InitialHeapSize                          = 104857600                                 {product} {command line}
   size_t MaxHeapSize                              = 2147483648                                {product} {command line}
   size_t MaxNewSize                               = 715653120                                 {product} {ergonomic}
   size_t MinHeapDeltaBytes                        = 524288                                    {product} {ergonomic}
   size_t MinHeapSize                              = 104857600                                 {product} {command line}
   size_t NewSize                                  = 34603008                                  {product} {ergonomic}
    uintx NonNMethodCodeHeapSize                   = 5839372                                {pd product} {ergonomic}
    uintx NonProfiledCodeHeapSize                  = 122909434                              {pd product} {ergonomic}
   size_t OldSize                                  = 70254592                                  {product} {ergonomic}
    uintx ProfiledCodeHeapSize                     = 122909434                              {pd product} {ergonomic}
    uintx ReservedCodeCacheSize                    = 251658240                              {pd product} {ergonomic}
     bool SegmentedCodeCache                       = true                                      {product} {ergonomic}
   size_t SoftMaxHeapSize                          = 2147483648                             {manageable} {ergonomic}
     bool UseCompressedOops                        = true                           {product lp64_product} {ergonomic}
     bool UseLargePagesIndividualAllocation        = false                                  {pd product} {ergonomic}
     bool UseParallelGC                            = true                                      {product} {command line}

Logging:
Log output configuration:
 #0: stdout all=off uptime,level,tags foldmultilines=false
 #1: stderr all=off uptime,level,tags foldmultilines=false

Release file:
JAVA_VERSION="21.0.10" 
MODULES="java.base java.compiler java.datatransfer java.xml java.prefs java.desktop java.instrument java.logging java.management java.security.sasl java.naming java.rmi java.management.rmi java.net.http java.scripting java.security.jgss java.transaction.xa java.sql java.sql.rowset java.xml.crypto java.se java.smartcardio jdk.accessibility jdk.internal.jvmstat jdk.attach jdk.charsets jdk.internal.opt jdk.zipfs jdk.compiler jdk.crypto.ec jdk.crypto.cryptoki jdk.crypto.mscapi jdk.dynalink jdk.internal.ed jdk.editpad jdk.hotspot.agent jdk.httpserver jdk.internal.le jdk.internal.vm.ci jdk.internal.vm.compiler jdk.internal.vm.compiler.management jdk.jartool jdk.javadoc jdk.jcmd jdk.management jdk.management.agent jdk.jconsole jdk.jdeps jdk.jdwp.agent jdk.jdi jdk.jfr jdk.jshell jdk.jsobject jdk.jstatd jdk.localedata jdk.management.jfr jdk.naming.dns jdk.naming.rmi jdk.net jdk.nio.mapmode jdk.random jdk.sctp jdk.security.auth jdk.security.jgss jdk.unsupported jdk.unsupported.desktop jdk.xml.dom" 

Environment Variables:
PATH=C:\Users\Admin\AppData\Local\Programs\Microsoft VS Code;C:\Program Files (x86)\Common Files\Oracle\Java\java8path;C:\Program Files (x86)\Common Files\Oracle\Java\javapath;C:\Windows\system32;C:\Windows;C:\Windows\System32\Wbem;C:\Windows\System32\WindowsPowerShell\v1.0\;C:\Windows\System32\OpenSSH\;C:\Program Files\Git\cmd;C:\Program Files\nodejs\;C:\Users\Admin\AppData\Local\Microsoft\WindowsApps;C:\Users\Admin\AppData\Local\Programs\Microsoft VS Code\bin;C:\Users\Admin\AppData\Roaming\npm
USERNAME=Admin
OS=Windows_NT
PROCESSOR_IDENTIFIER=Intel64 Family 6 Model 94 Stepping 3, GenuineIntel
TMP=C:\Users\Admin\AppData\Local\Temp
TEMP=C:\Users\Admin\AppData\Local\Temp




Periodic native trim disabled

---------------  S Y S T E M  ---------------

OS:
 Windows 10 , 64 bit Build 19041 (10.0.19041.5915)
OS uptime: 0 days 19:39 hours

CPU: total 8 (initial active 8) (4 cores per cpu, 2 threads per core) family 6 model 94 stepping 3 microcode 0xcc, cx8, cmov, fxsr, ht, mmx, 3dnowpref, sse, sse2, sse3, ssse3, sse4.1, sse4.2, popcnt, lzcnt, tsc, tscinvbit, avx, avx2, aes, erms, clmul, bmi1, bmi2, rtm, adx, fma, vzeroupper, clflush, clflushopt, rdtscp, f16c
Processor Information for the first 8 processors :
  Max Mhz: 2601, Current Mhz: 2601, Mhz Limit: 2601

Memory: 4k page, system-wide physical 16254M (547M free)
TotalPageFile size 24446M (AvailPageFile size 554M)
current process WorkingSet (physical memory assigned to process): 275M, peak: 275M
current process commit charge ("private bytes"): 376M, peak: 377M

vm_info: OpenJDK 64-Bit Server VM (21.0.10+7-LTS) for windows-amd64 JRE (21.0.10+7-LTS), built on 2026-01-20T00:00:00Z by "admin" with MS VC++ 17.12 (VS2022)

END.
